<?xml version="1.0" encoding="UTF-8" ?>
<testsuite tests="22" failures="0" name="note.test.AddNotaTest" time="0.01" errors="0" skipped="0">
  <properties>
[...]
</properties>
  <testcase classname="note.test.AddNotaTest" name="test10" time="0.009"/>
  <testcase classname="note.test.AddNotaTest" name="test11" time="0"/>
  <testcase classname="note.test.AddNotaTest" name="test12" time="0"/>
  <testcase classname="note.test.AddNotaTest" name="test13" time="0"/>
  <testcase classname="note.test.AddNotaTest" name="test14" time="0"/>
  <testcase classname="note.test.AddNotaTest" name="test15" time="0"/>
  <testcase classname="note.test.AddNotaTest" name="test16" time="0"/>
  <testcase classname="note.test.AddNotaTest" name="test17" time="0"/>
  <testcase classname="note.test.AddNotaTest" name="test18" time="0"/>
  <testcase classname="note.test.AddNotaTest" name="test19" time="0"/>
  <testcase classname="note.test.AddNotaTest" name="test20" time="0"/>
  <testcase classname="note.test.AddNotaTest" name="test21" time="0"/>
  <testcase classname="note.test.AddNotaTest" name="tes22" time="0"/>
  <testcase classname="note.test.AddNotaTest" name="test1" time="0"/>
  <testcase classname="note.test.AddNotaTest" name="test2" time="0.001"/>
  <testcase classname="note.test.AddNotaTest" name="test3" time="0"/>
  <testcase classname="note.test.AddNotaTest" name="test4" time="0"/>
  <testcase classname="note.test.AddNotaTest" name="test5" time="0"/>
  <testcase classname="note.test.AddNotaTest" name="test6" time="0"/>
  <testcase classname="note.test.AddNotaTest" name="test7" time="0"/>
  <testcase classname="note.test.AddNotaTest" name="test8" time="0"/>
  <testcase classname="note.test.AddNotaTest" name="test9" time="0"/>
</testsuite>